c:\users\bryce\documents\github\please-work\glfwglew-experimental\glfwglew-experimental\glfw\project9\debug\vc120.pdb
c:\users\bryce\documents\github\please-work\glfwglew-experimental\glfwglew-experimental\glfw\project9\debug\vc120.idb
c:\users\bryce\documents\github\please-work\glfwglew-experimental\glfwglew-experimental\glfw\project9\debug\animator.obj
c:\users\bryce\documents\github\please-work\glfwglew-experimental\glfwglew-experimental\glfw\project9\debug\asteroids.obj
c:\users\bryce\documents\github\please-work\glfwglew-experimental\glfwglew-experimental\glfw\project9\debug\globals.obj
c:\users\bryce\documents\github\please-work\glfwglew-experimental\glfwglew-experimental\glfw\project9\debug\main.obj
c:\users\bryce\documents\github\please-work\glfwglew-experimental\glfwglew-experimental\glfw\project9\debug\player.obj
c:\users\bryce\documents\github\please-work\glfwglew-experimental\glfwglew-experimental\glfw\project9\debug\sprite.obj
c:\users\bryce\documents\github\please-work\glfwglew-experimental\glfwglew-experimental\glfw\project9\debug\stars.obj
c:\users\bryce\documents\github\please-work\glfwglew-experimental\glfwglew-experimental\glfw\project9\debug\test.obj
c:\users\bryce\documents\github\please-work\glfwglew-experimental\glfwglew-experimental\glfw\project9\debug\text.obj
c:\users\bryce\documents\github\please-work\glfwglew-experimental\glfwglew-experimental\glfw\debug\4th assessment game engine.ilk
c:\users\bryce\documents\github\please-work\glfwglew-experimental\glfwglew-experimental\glfw\debug\4th assessment game engine.exe
c:\users\bryce\documents\github\please-work\glfwglew-experimental\glfwglew-experimental\glfw\debug\4th assessment game engine.pdb
c:\users\bryce\documents\github\please-work\glfwglew-experimental\glfwglew-experimental\glfw\project9\debug\4th asse.9921f0f5.tlog\cl.command.1.tlog
c:\users\bryce\documents\github\please-work\glfwglew-experimental\glfwglew-experimental\glfw\project9\debug\4th asse.9921f0f5.tlog\cl.read.1.tlog
c:\users\bryce\documents\github\please-work\glfwglew-experimental\glfwglew-experimental\glfw\project9\debug\4th asse.9921f0f5.tlog\cl.write.1.tlog
c:\users\bryce\documents\github\please-work\glfwglew-experimental\glfwglew-experimental\glfw\project9\debug\4th asse.9921f0f5.tlog\link.command.1.tlog
c:\users\bryce\documents\github\please-work\glfwglew-experimental\glfwglew-experimental\glfw\project9\debug\4th asse.9921f0f5.tlog\link.read.1.tlog
c:\users\bryce\documents\github\please-work\glfwglew-experimental\glfwglew-experimental\glfw\project9\debug\4th asse.9921f0f5.tlog\link.write.1.tlog
