Build started 2/17/2015 4:47:26 PM.
     1>Project "C:\Users\bryson.au\Documents\GitHub\please-work\GLFWGLEW-experimental\GLFWGLEW-experimental\GLFW\Project9\Project9.vcxproj" on node 2 (Build target(s)).
     1>C:\Program Files (x86)\MSBuild\Microsoft.Cpp\v4.0\V120\Microsoft.CppBuild.targets(381,5): warning MSB8028: The intermediate directory (Debug\) contains files shared from another project (glfwglewtut.vcxproj, Project9.vcxproj).  This can lead to incorrect clean and rebuild behavior.
     1>ClCompile:
         C:\Program Files (x86)\Microsoft Visual Studio 12.0\VC\bin\CL.exe /c /ZI /nologo /W3 /WX- /sdl /Od /Oy- /D _MBCS /Gm /EHsc /RTC1 /MDd /GS /fp:precise /Zc:wchar_t /Zc:forScope /Fo"Debug\\" /Fd"Debug\vc120.pdb" /Gd /TP /analyze- /errorReport:prompt main.cpp
         main.cpp
     1>c:\users\bryson.au\documents\github\please-work\glfwglew-experimental\glfwglew-experimental\glfw\project9\globals.h(35): warning C4244: '=' : conversion from 'double' to 'float', possible loss of data
     1>c:\users\bryson.au\documents\github\please-work\glfwglew-experimental\glfwglew-experimental\glfw\project9\globals.h(37): warning C4244: '=' : conversion from 'double' to 'float', possible loss of data
     1>c:\users\bryson.au\documents\github\please-work\glfwglew-experimental\glfwglew-experimental\glfw\project9\globals.h(39): warning C4244: '=' : conversion from 'double' to 'float', possible loss of data
     1>c:\users\bryson.au\documents\github\please-work\glfwglew-experimental\glfwglew-experimental\glfw\project9\main.cpp(25): warning C4244: 'initializing' : conversion from 'double' to 'float', possible loss of data
     1>c:\users\bryson.au\documents\github\please-work\glfwglew-experimental\glfwglew-experimental\glfw\project9\main.cpp(32): warning C4552: '+' : operator has no effect; expected operator with side-effect
     1>c:\users\bryson.au\documents\github\please-work\glfwglew-experimental\glfwglew-experimental\glfw\project9\main.cpp(39): warning C4244: 'argument' : conversion from 'time_t' to 'unsigned int', possible loss of data
     1>c:\users\bryson.au\documents\github\please-work\glfwglew-experimental\glfwglew-experimental\glfw\project9\main.cpp(104): warning C4244: '=' : conversion from 'double' to 'float', possible loss of data
       Link:
         C:\Program Files (x86)\Microsoft Visual Studio 12.0\VC\bin\link.exe /ERRORREPORT:PROMPT /OUT:"C:\Users\bryson.au\Documents\GitHub\please-work\GLFWGLEW-experimental\GLFWGLEW-experimental\GLFW\Debug\4th Assessment Game Engine.exe" /INCREMENTAL /NOLOGO tinyxml2.lib glew32.lib opengl32.lib SOIL.lib glfw3.lib opengl32.lib kernel32.lib user32.lib gdi32.lib winspool.lib comdlg32.lib advapi32.lib shell32.lib ole32.lib oleaut32.lib uuid.lib odbc32.lib odbccp32.lib /MANIFEST /MANIFESTUAC:"level='asInvoker' uiAccess='false'" /manifest:embed /DEBUG /PDB:"C:\Users\bryson.au\Documents\GitHub\please-work\GLFWGLEW-experimental\GLFWGLEW-experimental\GLFW\Debug\4th Assessment Game Engine.pdb" /TLBID:1 /DYNAMICBASE /NXCOMPAT /IMPLIB:"C:\Users\bryson.au\Documents\GitHub\please-work\GLFWGLEW-experimental\GLFWGLEW-experimental\GLFW\Debug\4th Assessment Game Engine.lib" /MACHINE:X86 Debug\Animator.obj
         Debug\Asteroids.obj
         Debug\Globals.obj
         Debug\main.obj
         Debug\Player.obj
         Debug\Stars.obj
         Debug\Text.obj
         Project9.vcxproj -> C:\Users\bryson.au\Documents\GitHub\please-work\GLFWGLEW-experimental\GLFWGLEW-experimental\GLFW\Debug\4th Assessment Game Engine.exe
     1>Done Building Project "C:\Users\bryson.au\Documents\GitHub\please-work\GLFWGLEW-experimental\GLFWGLEW-experimental\GLFW\Project9\Project9.vcxproj" (Build target(s)).

Build succeeded.

Time Elapsed 00:00:00.84
